# JRE version: OpenJDK Runtime Environment (8.0_212-b04) (build 1.8.0_212-release-1586-b04)
# Java VM: OpenJDK 64-Bit Server VM (25.212-b04 mixed mode windows-amd64 compressed oops)
Heap:
 PSYoungGen      total 483328K, used 457899K [0x00000000e0000000, 0x0000000100000000, 0x0000000100000000)
  eden space 445952K, 94% used [0x00000000e0000000,0x00000000f9aad468,0x00000000fb380000)
  from space 37376K, 99% used [0x00000000fb380000,0x00000000fd7fdab8,0x00000000fd800000)
  to   space 40960K, 0% used [0x00000000fd800000,0x00000000fd800000,0x0000000100000000)
 ParOldGen       total 293888K, used 176887K [0x00000000a0000000, 0x00000000b1f00000, 0x00000000e0000000)
  object space 293888K, 60% used [0x00000000a0000000,0x00000000aacbdc48,0x00000000b1f00000)
 Metaspace       used 94249K, capacity 98666K, committed 99160K, reserved 1134592K
  class space    used 12157K, capacity 13010K, committed 13184K, reserved 1048576K
GC Heap History (10 events):
Event: 572.053 GC heap before
{Heap before GC invocations=35 (full 4):
 PSYoungGen      total 475136K, used 449715K [0x00000000e0000000, 0x00000000ff900000, 0x0000000100000000)
  eden space 432128K, 100% used [0x00000000e0000000,0x00000000fa600000,0x00000000fa600000)
  from space 43008K, 40% used [0x00000000fcf00000,0x00000000fe02ccb0,0x00000000ff900000)
  to   space 41984K, 0% used [0x00000000fa600000,0x00000000fa600000,0x00000000fcf00000)
 ParOldGen       total 293888K, used 114732K [0x00000000a0000000, 0x00000000b1f00000, 0x00000000e0000000)
  object space 293888K, 39% used [0x00000000a0000000,0x00000000a700b050,0x00000000b1f00000)
 Metaspace       used 93829K, capacity 98096K, committed 98752K, reserved 1134592K
  class space    used 12139K, capacity 12983K, committed 13184K, reserved 1048576K
Event: 572.078 GC heap after
Heap after GC invocations=35 (full 4):
 PSYoungGen      total 474112K, used 13492K [0x00000000e0000000, 0x00000000ffb00000, 0x0000000100000000)
  eden space 432128K, 0% used [0x00000000e0000000,0x00000000e0000000,0x00000000fa600000)
  from space 41984K, 32% used [0x00000000fa600000,0x00000000fb32d280,0x00000000fcf00000)
  to   space 39936K, 0% used [0x00000000fd400000,0x00000000fd400000,0x00000000ffb00000)
 ParOldGen       total 293888K, used 129795K [0x00000000a0000000, 0x00000000b1f00000, 0x00000000e0000000)
  object space 293888K, 44% used [0x00000000a0000000,0x00000000a7ec0d88,0x00000000b1f00000)
 Metaspace       used 93829K, capacity 98096K, committed 98752K, reserved 1134592K
  class space    used 12139K, capacity 12983K, committed 13184K, reserved 1048576K
}
Event: 572.734 GC heap before
{Heap before GC invocations=36 (full 4):
 PSYoungGen      total 474112K, used 445620K [0x00000000e0000000, 0x00000000ffb00000, 0x0000000100000000)
  eden space 432128K, 100% used [0x00000000e0000000,0x00000000fa600000,0x00000000fa600000)
  from space 41984K, 32% used [0x00000000fa600000,0x00000000fb32d280,0x00000000fcf00000)
  to   space 39936K, 0% used [0x00000000fd400000,0x00000000fd400000,0x00000000ffb00000)
 ParOldGen       total 293888K, used 129795K [0x00000000a0000000, 0x00000000b1f00000, 0x00000000e0000000)
  object space 293888K, 44% used [0x00000000a0000000,0x00000000a7ec0d88,0x00000000b1f00000)
 Metaspace       used 93839K, capacity 98096K, committed 98752K, reserved 1134592K
  class space    used 12140K, capacity 12983K, committed 13184K, reserved 1048576K
Event: 572.758 GC heap after
Heap after GC invocations=36 (full 4):
 PSYoungGen      total 479744K, used 4736K [0x00000000e0000000, 0x00000000ffd00000, 0x0000000100000000)
  eden space 439808K, 0% used [0x00000000e0000000,0x00000000e0000000,0x00000000fad80000)
  from space 39936K, 11% used [0x00000000fd400000,0x00000000fd8a0010,0x00000000ffb00000)
  to   space 39424K, 0% used [0x00000000fad80000,0x00000000fad80000,0x00000000fd400000)
 ParOldGen       total 293888K, used 141949K [0x00000000a0000000, 0x00000000b1f00000, 0x00000000e0000000)
  object space 293888K, 48% used [0x00000000a0000000,0x00000000a8a9f6a0,0x00000000b1f00000)
 Metaspace       used 93839K, capacity 98096K, committed 98752K, reserved 1134592K
  class space    used 12140K, capacity 12983K, committed 13184K, reserved 1048576K
}
Event: 573.400 GC heap before
{Heap before GC invocations=37 (full 4):
 PSYoungGen      total 479744K, used 444544K [0x00000000e0000000, 0x00000000ffd00000, 0x0000000100000000)
  eden space 439808K, 100% used [0x00000000e0000000,0x00000000fad80000,0x00000000fad80000)
  from space 39936K, 11% used [0x00000000fd400000,0x00000000fd8a0010,0x00000000ffb00000)
  to   space 39424K, 0% used [0x00000000fad80000,0x00000000fad80000,0x00000000fd400000)
 ParOldGen       total 293888K, used 141949K [0x00000000a0000000, 0x00000000b1f00000, 0x00000000e0000000)
  object space 293888K, 48% used [0x00000000a0000000,0x00000000a8a9f6a0,0x00000000b1f00000)
 Metaspace       used 93842K, capacity 98096K, committed 98752K, reserved 1134592K
  class space    used 12140K, capacity 12983K, committed 13184K, reserved 1048576K
Event: 573.419 GC heap after
Heap after GC invocations=37 (full 4):
 PSYoungGen      total 479232K, used 5408K [0x00000000e0000000, 0x00000000ffd80000, 0x0000000100000000)
  eden space 439808K, 0% used [0x00000000e0000000,0x00000000e0000000,0x00000000fad80000)
  from space 39424K, 13% used [0x00000000fad80000,0x00000000fb2c8010,0x00000000fd400000)
  to   space 38400K, 0% used [0x00000000fd800000,0x00000000fd800000,0x00000000ffd80000)
 ParOldGen       total 293888K, used 146473K [0x00000000a0000000, 0x00000000b1f00000, 0x00000000e0000000)
  object space 293888K, 49% used [0x00000000a0000000,0x00000000a8f0a6c0,0x00000000b1f00000)
 Metaspace       used 93842K, capacity 98096K, committed 98752K, reserved 1134592K
  class space    used 12140K, capacity 12983K, committed 13184K, reserved 1048576K
}
Event: 574.171 GC heap before
{Heap before GC invocations=38 (full 4):
 PSYoungGen      total 479232K, used 445216K [0x00000000e0000000, 0x00000000ffd80000, 0x0000000100000000)
  eden space 439808K, 100% used [0x00000000e0000000,0x00000000fad80000,0x00000000fad80000)
  from space 39424K, 13% used [0x00000000fad80000,0x00000000fb2c8010,0x00000000fd400000)
  to   space 38400K, 0% used [0x00000000fd800000,0x00000000fd800000,0x00000000ffd80000)
 ParOldGen       total 293888K, used 146473K [0x00000000a0000000, 0x00000000b1f00000, 0x00000000e0000000)
  object space 293888K, 49% used [0x00000000a0000000,0x00000000a8f0a6c0,0x00000000b1f00000)
 Metaspace       used 93863K, capacity 98114K, committed 98752K, reserved 1134592K
  class space    used 12142K, capacity 12986K, committed 13184K, reserved 1048576K
Event: 574.189 GC heap after
Heap after GC invocations=38 (full 4):
 PSYoungGen      total 483840K, used 7200K [0x00000000e0000000, 0x00000000ffd00000, 0x0000000100000000)
  eden space 445952K, 0% used [0x00000000e0000000,0x00000000e0000000,0x00000000fb380000)
  from space 37888K, 19% used [0x00000000fd800000,0x00000000fdf08010,0x00000000ffd00000)
  to   space 37376K, 0% used [0x00000000fb380000,0x00000000fb380000,0x00000000fd800000)
 ParOldGen       total 293888K, used 151238K [0x00000000a0000000, 0x00000000b1f00000, 0x00000000e0000000)
  object space 293888K, 51% used [0x00000000a0000000,0x00000000a93b1a28,0x00000000b1f00000)
 Metaspace       used 93863K, capacity 98114K, committed 98752K, reserved 1134592K
  class space    used 12142K, capacity 12986K, committed 13184K, reserved 1048576K
}
Event: 575.446 GC heap before
{Heap before GC invocations=39 (full 4):
 PSYoungGen      total 483840K, used 453152K [0x00000000e0000000, 0x00000000ffd00000, 0x0000000100000000)
  eden space 445952K, 100% used [0x00000000e0000000,0x00000000fb380000,0x00000000fb380000)
  from space 37888K, 19% used [0x00000000fd800000,0x00000000fdf08010,0x00000000ffd00000)
  to   space 37376K, 0% used [0x00000000fb380000,0x00000000fb380000,0x00000000fd800000)
 ParOldGen       total 293888K, used 151238K [0x00000000a0000000, 0x00000000b1f00000, 0x00000000e0000000)
  object space 293888K, 51% used [0x00000000a0000000,0x00000000a93b1a28,0x00000000b1f00000)
 Metaspace       used 93929K, capacity 98204K, committed 98752K, reserved 1134592K
  class space    used 12143K, capacity 12989K, committed 13184K, reserved 1048576K
Event: 575.517 GC heap after
Heap after GC invocations=39 (full 4):
 PSYoungGen      total 483328K, used 37366K [0x00000000e0000000, 0x0000000100000000, 0x0000000100000000)
  eden space 445952K, 0% used [0x00000000e0000000,0x00000000e0000000,0x00000000fb380000)
  from space 37376K, 99% used [0x00000000fb380000,0x00000000fd7fdab8,0x00000000fd800000)
  to   space 40960K, 0% used [0x00000000fd800000,0x00000000fd800000,0x0000000100000000)
 ParOldGen       total 293888K, used 176887K [0x00000000a0000000, 0x00000000b1f00000, 0x00000000e0000000)
  object space 293888K, 60% used [0x00000000a0000000,0x00000000aacbdc48,0x00000000b1f00000)
 Metaspace       used 93929K, capacity 98204K, committed 98752K, reserved 1134592K
  class space    used 12143K, capacity 12989K, committed 13184K, reserved 1048576K
}

