# JRE version: OpenJDK Runtime Environment (8.0_212-b04) (build 1.8.0_212-release-1586-b04)
# Java VM: OpenJDK 64-Bit Server VM (25.212-b04 mixed mode windows-amd64 compressed oops)
Heap:
 PSYoungGen      total 481792K, used 95607K [0x00000000e0000000, 0x0000000100000000, 0x0000000100000000)
  eden space 442368K, 20% used [0x00000000e0000000,0x00000000e598f7a0,0x00000000fb000000)
  from space 39424K, 9% used [0x00000000fd980000,0x00000000fdd4e4e0,0x0000000100000000)
  to   space 40960K, 0% used [0x00000000fb000000,0x00000000fb000000,0x00000000fd800000)
 ParOldGen       total 250880K, used 153921K [0x00000000a0000000, 0x00000000af500000, 0x00000000e0000000)
  object space 250880K, 61% used [0x00000000a0000000,0x00000000a9650570,0x00000000af500000)
 Metaspace       used 112690K, capacity 121360K, committed 121472K, reserved 1155072K
  class space    used 14234K, capacity 15740K, committed 15744K, reserved 1048576K
GC Heap History (10 events):
Event: 8672.043 GC heap before
{Heap before GC invocations=48 (full 4):
 PSYoungGen      total 455680K, used 455308K [0x00000000e0000000, 0x00000000ffd00000, 0x0000000100000000)
  eden space 435200K, 100% used [0x00000000e0000000,0x00000000fa900000,0x00000000fa900000)
  from space 20480K, 98% used [0x00000000fa900000,0x00000000fbca3318,0x00000000fbd00000)
  to   space 43008K, 0% used [0x00000000fd300000,0x00000000fd300000,0x00000000ffd00000)
 ParOldGen       total 250880K, used 126871K [0x00000000a0000000, 0x00000000af500000, 0x00000000e0000000)
  object space 250880K, 50% used [0x00000000a0000000,0x00000000a7be5f78,0x00000000af500000)
 Metaspace       used 112576K, capacity 121100K, committed 121216K, reserved 1155072K
  class space    used 14233K, capacity 15740K, committed 15744K, reserved 1048576K
Event: 8672.055 GC heap after
Heap after GC invocations=48 (full 4):
 PSYoungGen      total 479744K, used 19884K [0x00000000e0000000, 0x0000000100000000, 0x0000000100000000)
  eden space 436736K, 0% used [0x00000000e0000000,0x00000000e0000000,0x00000000faa80000)
  from space 43008K, 46% used [0x00000000fd300000,0x00000000fe66b1f0,0x00000000ffd00000)
  to   space 41472K, 0% used [0x00000000faa80000,0x00000000faa80000,0x00000000fd300000)
 ParOldGen       total 250880K, used 126943K [0x00000000a0000000, 0x00000000af500000, 0x00000000e0000000)
  object space 250880K, 50% used [0x00000000a0000000,0x00000000a7bf7f78,0x00000000af500000)
 Metaspace       used 112576K, capacity 121100K, committed 121216K, reserved 1155072K
  class space    used 14233K, capacity 15740K, committed 15744K, reserved 1048576K
}
Event: 8732.402 GC heap before
{Heap before GC invocations=49 (full 4):
 PSYoungGen      total 479744K, used 456620K [0x00000000e0000000, 0x0000000100000000, 0x0000000100000000)
  eden space 436736K, 100% used [0x00000000e0000000,0x00000000faa80000,0x00000000faa80000)
  from space 43008K, 46% used [0x00000000fd300000,0x00000000fe66b1f0,0x00000000ffd00000)
  to   space 41472K, 0% used [0x00000000faa80000,0x00000000faa80000,0x00000000fd300000)
 ParOldGen       total 250880K, used 126943K [0x00000000a0000000, 0x00000000af500000, 0x00000000e0000000)
  object space 250880K, 50% used [0x00000000a0000000,0x00000000a7bf7f78,0x00000000af500000)
 Metaspace       used 112642K, capacity 121292K, committed 121472K, reserved 1155072K
  class space    used 14233K, capacity 15740K, committed 15744K, reserved 1048576K
Event: 8732.413 GC heap after
Heap after GC invocations=49 (full 4):
 PSYoungGen      total 441344K, used 19484K [0x00000000e0000000, 0x00000000fe980000, 0x0000000100000000)
  eden space 421376K, 0% used [0x00000000e0000000,0x00000000e0000000,0x00000000f9b80000)
  from space 19968K, 97% used [0x00000000faa80000,0x00000000fbd87220,0x00000000fbe00000)
  to   space 39936K, 0% used [0x00000000fc280000,0x00000000fc280000,0x00000000fe980000)
 ParOldGen       total 250880K, used 127007K [0x00000000a0000000, 0x00000000af500000, 0x00000000e0000000)
  object space 250880K, 50% used [0x00000000a0000000,0x00000000a7c07f78,0x00000000af500000)
 Metaspace       used 112642K, capacity 121292K, committed 121472K, reserved 1155072K
  class space    used 14233K, capacity 15740K, committed 15744K, reserved 1048576K
}
Event: 8735.195 GC heap before
{Heap before GC invocations=50 (full 4):
 PSYoungGen      total 441344K, used 440860K [0x00000000e0000000, 0x00000000fe980000, 0x0000000100000000)
  eden space 421376K, 100% used [0x00000000e0000000,0x00000000f9b80000,0x00000000f9b80000)
  from space 19968K, 97% used [0x00000000faa80000,0x00000000fbd87220,0x00000000fbe00000)
  to   space 39936K, 0% used [0x00000000fc280000,0x00000000fc280000,0x00000000fe980000)
 ParOldGen       total 250880K, used 127007K [0x00000000a0000000, 0x00000000af500000, 0x00000000e0000000)
  object space 250880K, 50% used [0x00000000a0000000,0x00000000a7c07f78,0x00000000af500000)
 Metaspace       used 112666K, capacity 121292K, committed 121472K, reserved 1155072K
  class space    used 14234K, capacity 15740K, committed 15744K, reserved 1048576K
Event: 8735.219 GC heap after
Heap after GC invocations=50 (full 4):
 PSYoungGen      total 432128K, used 24907K [0x00000000e0000000, 0x00000000fdb00000, 0x0000000100000000)
  eden space 407040K, 0% used [0x00000000e0000000,0x00000000e0000000,0x00000000f8d80000)
  from space 25088K, 99% used [0x00000000fc280000,0x00000000fdad2d40,0x00000000fdb00000)
  to   space 39424K, 0% used [0x00000000f8e00000,0x00000000f8e00000,0x00000000fb480000)
 ParOldGen       total 250880K, used 132267K [0x00000000a0000000, 0x00000000af500000, 0x00000000e0000000)
  object space 250880K, 52% used [0x00000000a0000000,0x00000000a812af28,0x00000000af500000)
 Metaspace       used 112666K, capacity 121292K, committed 121472K, reserved 1155072K
  class space    used 14234K, capacity 15740K, committed 15744K, reserved 1048576K
}
Event: 8736.148 GC heap before
{Heap before GC invocations=51 (full 4):
 PSYoungGen      total 432128K, used 431947K [0x00000000e0000000, 0x00000000fdb00000, 0x0000000100000000)
  eden space 407040K, 100% used [0x00000000e0000000,0x00000000f8d80000,0x00000000f8d80000)
  from space 25088K, 99% used [0x00000000fc280000,0x00000000fdad2d40,0x00000000fdb00000)
  to   space 39424K, 0% used [0x00000000f8e00000,0x00000000f8e00000,0x00000000fb480000)
 ParOldGen       total 250880K, used 132267K [0x00000000a0000000, 0x00000000af500000, 0x00000000e0000000)
  object space 250880K, 52% used [0x00000000a0000000,0x00000000a812af28,0x00000000af500000)
 Metaspace       used 112672K, capacity 121360K, committed 121472K, reserved 1155072K
  class space    used 14234K, capacity 15740K, committed 15744K, reserved 1048576K
Event: 8736.171 GC heap after
Heap after GC invocations=51 (full 4):
 PSYoungGen      total 446976K, used 10527K [0x00000000e0000000, 0x0000000100000000, 0x0000000100000000)
  eden space 407552K, 0% used [0x00000000e0000000,0x00000000e0000000,0x00000000f8e00000)
  from space 39424K, 26% used [0x00000000f8e00000,0x00000000f9847c70,0x00000000fb480000)
  to   space 39424K, 0% used [0x00000000fd980000,0x00000000fd980000,0x0000000100000000)
 ParOldGen       total 250880K, used 146804K [0x00000000a0000000, 0x00000000af500000, 0x00000000e0000000)
  object space 250880K, 58% used [0x00000000a0000000,0x00000000a8f5d198,0x00000000af500000)
 Metaspace       used 112672K, capacity 121360K, committed 121472K, reserved 1155072K
  class space    used 14234K, capacity 15740K, committed 15744K, reserved 1048576K
}
Event: 8736.992 GC heap before
{Heap before GC invocations=52 (full 4):
 PSYoungGen      total 446976K, used 418079K [0x00000000e0000000, 0x0000000100000000, 0x0000000100000000)
  eden space 407552K, 100% used [0x00000000e0000000,0x00000000f8e00000,0x00000000f8e00000)
  from space 39424K, 26% used [0x00000000f8e00000,0x00000000f9847c70,0x00000000fb480000)
  to   space 39424K, 0% used [0x00000000fd980000,0x00000000fd980000,0x0000000100000000)
 ParOldGen       total 250880K, used 146804K [0x00000000a0000000, 0x00000000af500000, 0x00000000e0000000)
  object space 250880K, 58% used [0x00000000a0000000,0x00000000a8f5d198,0x00000000af500000)
 Metaspace       used 112690K, capacity 121360K, committed 121472K, reserved 1155072K
  class space    used 14234K, capacity 15740K, committed 15744K, reserved 1048576K
Event: 8737.005 GC heap after
Heap after GC invocations=52 (full 4):
 PSYoungGen      total 481792K, used 3897K [0x00000000e0000000, 0x0000000100000000, 0x0000000100000000)
  eden space 442368K, 0% used [0x00000000e0000000,0x00000000e0000000,0x00000000fb000000)
  from space 39424K, 9% used [0x00000000fd980000,0x00000000fdd4e4e0,0x0000000100000000)
  to   space 40960K, 0% used [0x00000000fb000000,0x00000000fb000000,0x00000000fd800000)
 ParOldGen       total 250880K, used 153921K [0x00000000a0000000, 0x00000000af500000, 0x00000000e0000000)
  object space 250880K, 61% used [0x00000000a0000000,0x00000000a9650570,0x00000000af500000)
 Metaspace       used 112690K, capacity 121360K, committed 121472K, reserved 1155072K
  class space    used 14234K, capacity 15740K, committed 15744K, reserved 1048576K
}

