# JRE version: OpenJDK Runtime Environment (8.0_212-b04) (build 1.8.0_212-release-1586-b04)
# Java VM: OpenJDK 64-Bit Server VM (25.212-b04 mixed mode windows-amd64 compressed oops)
Heap:
 PSYoungGen      total 478720K, used 268241K [0x00000000e0000000, 0x00000000ffe00000, 0x0000000100000000)
  eden space 456192K, 53% used [0x00000000e0000000,0x00000000eeff9360,0x00000000fbd80000)
  from space 22528K, 99% used [0x00000000fe800000,0x00000000ffdfb480,0x00000000ffe00000)
  to   space 26624K, 0% used [0x00000000fca00000,0x00000000fca00000,0x00000000fe400000)
 ParOldGen       total 121856K, used 36860K [0x00000000a0000000, 0x00000000a7700000, 0x00000000e0000000)
  object space 121856K, 30% used [0x00000000a0000000,0x00000000a23ff0c0,0x00000000a7700000)
 Metaspace       used 75362K, capacity 79032K, committed 79256K, reserved 1118208K
  class space    used 10029K, capacity 10873K, committed 10920K, reserved 1048576K
GC Heap History (10 events):
Event: 6.543 GC heap before
{Heap before GC invocations=9 (full 2):
 PSYoungGen      total 206848K, used 12318K [0x00000000e0000000, 0x00000000f7b00000, 0x0000000100000000)
  eden space 194048K, 0% used [0x00000000e0000000,0x00000000e0000000,0x00000000ebd80000)
  from space 12800K, 96% used [0x00000000ebd80000,0x00000000ec987950,0x00000000eca00000)
  to   space 14336K, 0% used [0x00000000f6d00000,0x00000000f6d00000,0x00000000f7b00000)
 ParOldGen       total 64512K, used 8126K [0x00000000a0000000, 0x00000000a3f00000, 0x00000000e0000000)
  object space 64512K, 12% used [0x00000000a0000000,0x00000000a07ef958,0x00000000a3f00000)
 Metaspace       used 34711K, capacity 35442K, committed 35496K, reserved 1079296K
  class space    used 4778K, capacity 5026K, committed 5032K, reserved 1048576K
Event: 6.626 GC heap after
Heap after GC invocations=9 (full 2):
 PSYoungGen      total 206848K, used 0K [0x00000000e0000000, 0x00000000f7b00000, 0x0000000100000000)
  eden space 194048K, 0% used [0x00000000e0000000,0x00000000e0000000,0x00000000ebd80000)
  from space 12800K, 0% used [0x00000000ebd80000,0x00000000ebd80000,0x00000000eca00000)
  to   space 14336K, 0% used [0x00000000f6d00000,0x00000000f6d00000,0x00000000f7b00000)
 ParOldGen       total 87552K, used 19370K [0x00000000a0000000, 0x00000000a5580000, 0x00000000e0000000)
  object space 87552K, 22% used [0x00000000a0000000,0x00000000a12eabb8,0x00000000a5580000)
 Metaspace       used 34711K, capacity 35442K, committed 35496K, reserved 1079296K
  class space    used 4778K, capacity 5026K, committed 5032K, reserved 1048576K
}
Event: 8.758 GC heap before
{Heap before GC invocations=10 (full 2):
 PSYoungGen      total 206848K, used 194048K [0x00000000e0000000, 0x00000000f7b00000, 0x0000000100000000)
  eden space 194048K, 100% used [0x00000000e0000000,0x00000000ebd80000,0x00000000ebd80000)
  from space 12800K, 0% used [0x00000000ebd80000,0x00000000ebd80000,0x00000000eca00000)
  to   space 14336K, 0% used [0x00000000f6d00000,0x00000000f6d00000,0x00000000f7b00000)
 ParOldGen       total 87552K, used 19370K [0x00000000a0000000, 0x00000000a5580000, 0x00000000e0000000)
  object space 87552K, 22% used [0x00000000a0000000,0x00000000a12eabb8,0x00000000a5580000)
 Metaspace       used 52488K, capacity 54086K, committed 54312K, reserved 1095680K
  class space    used 6959K, capacity 7347K, committed 7464K, reserved 1048576K
Event: 8.780 GC heap after
Heap after GC invocations=10 (full 2):
 PSYoungGen      total 350208K, used 14306K [0x00000000e0000000, 0x00000000f7b00000, 0x0000000100000000)
  eden space 335872K, 0% used [0x00000000e0000000,0x00000000e0000000,0x00000000f4800000)
  from space 14336K, 99% used [0x00000000f6d00000,0x00000000f7af8888,0x00000000f7b00000)
  to   space 20480K, 0% used [0x00000000f5300000,0x00000000f5300000,0x00000000f6700000)
 ParOldGen       total 87552K, used 28967K [0x00000000a0000000, 0x00000000a5580000, 0x00000000e0000000)
  object space 87552K, 33% used [0x00000000a0000000,0x00000000a1c49d10,0x00000000a5580000)
 Metaspace       used 52488K, capacity 54086K, committed 54312K, reserved 1095680K
  class space    used 6959K, capacity 7347K, committed 7464K, reserved 1048576K
}
Event: 9.447 GC heap before
{Heap before GC invocations=11 (full 2):
 PSYoungGen      total 350208K, used 86279K [0x00000000e0000000, 0x00000000f7b00000, 0x0000000100000000)
  eden space 335872K, 21% used [0x00000000e0000000,0x00000000e4649708,0x00000000f4800000)
  from space 14336K, 99% used [0x00000000f6d00000,0x00000000f7af8888,0x00000000f7b00000)
  to   space 20480K, 0% used [0x00000000f5300000,0x00000000f5300000,0x00000000f6700000)
 ParOldGen       total 87552K, used 28967K [0x00000000a0000000, 0x00000000a5580000, 0x00000000e0000000)
  object space 87552K, 33% used [0x00000000a0000000,0x00000000a1c49d10,0x00000000a5580000)
 Metaspace       used 57141K, capacity 59040K, committed 59160K, reserved 1099776K
  class space    used 7757K, capacity 8211K, committed 8232K, reserved 1048576K
Event: 9.466 GC heap after
Heap after GC invocations=11 (full 2):
 PSYoungGen      total 367616K, used 18541K [0x00000000e0000000, 0x00000000ffe00000, 0x0000000100000000)
  eden space 347136K, 0% used [0x00000000e0000000,0x00000000e0000000,0x00000000f5300000)
  from space 20480K, 90% used [0x00000000f5300000,0x00000000f651b570,0x00000000f6700000)
  to   space 22528K, 0% used [0x00000000fe800000,0x00000000fe800000,0x00000000ffe00000)
 ParOldGen       total 87552K, used 29039K [0x00000000a0000000, 0x00000000a5580000, 0x00000000e0000000)
  object space 87552K, 33% used [0x00000000a0000000,0x00000000a1c5bd20,0x00000000a5580000)
 Metaspace       used 57141K, capacity 59040K, committed 59160K, reserved 1099776K
  class space    used 7757K, capacity 8211K, committed 8232K, reserved 1048576K
}
Event: 9.466 GC heap before
{Heap before GC invocations=12 (full 3):
 PSYoungGen      total 367616K, used 18541K [0x00000000e0000000, 0x00000000ffe00000, 0x0000000100000000)
  eden space 347136K, 0% used [0x00000000e0000000,0x00000000e0000000,0x00000000f5300000)
  from space 20480K, 90% used [0x00000000f5300000,0x00000000f651b570,0x00000000f6700000)
  to   space 22528K, 0% used [0x00000000fe800000,0x00000000fe800000,0x00000000ffe00000)
 ParOldGen       total 87552K, used 29039K [0x00000000a0000000, 0x00000000a5580000, 0x00000000e0000000)
  object space 87552K, 33% used [0x00000000a0000000,0x00000000a1c5bd20,0x00000000a5580000)
 Metaspace       used 57141K, capacity 59040K, committed 59160K, reserved 1099776K
  class space    used 7757K, capacity 8211K, committed 8232K, reserved 1048576K
Event: 9.641 GC heap after
Heap after GC invocations=12 (full 3):
 PSYoungGen      total 367616K, used 0K [0x00000000e0000000, 0x00000000ffe00000, 0x0000000100000000)
  eden space 347136K, 0% used [0x00000000e0000000,0x00000000e0000000,0x00000000f5300000)
  from space 20480K, 0% used [0x00000000f5300000,0x00000000f5300000,0x00000000f6700000)
  to   space 22528K, 0% used [0x00000000fe800000,0x00000000fe800000,0x00000000ffe00000)
 ParOldGen       total 121856K, used 33665K [0x00000000a0000000, 0x00000000a7700000, 0x00000000e0000000)
  object space 121856K, 27% used [0x00000000a0000000,0x00000000a20e06b8,0x00000000a7700000)
 Metaspace       used 57112K, capacity 58940K, committed 59160K, reserved 1099776K
  class space    used 7749K, capacity 8201K, committed 8232K, reserved 1048576K
}
Event: 3047.692 GC heap before
{Heap before GC invocations=13 (full 3):
 PSYoungGen      total 367616K, used 347136K [0x00000000e0000000, 0x00000000ffe00000, 0x0000000100000000)
  eden space 347136K, 100% used [0x00000000e0000000,0x00000000f5300000,0x00000000f5300000)
  from space 20480K, 0% used [0x00000000f5300000,0x00000000f5300000,0x00000000f6700000)
  to   space 22528K, 0% used [0x00000000fe800000,0x00000000fe800000,0x00000000ffe00000)
 ParOldGen       total 121856K, used 33665K [0x00000000a0000000, 0x00000000a7700000, 0x00000000e0000000)
  object space 121856K, 27% used [0x00000000a0000000,0x00000000a20e06b8,0x00000000a7700000)
 Metaspace       used 72115K, capacity 75422K, committed 75672K, reserved 1114112K
  class space    used 9638K, capacity 10398K, committed 10408K, reserved 1048576K
Event: 3047.741 GC heap after
Heap after GC invocations=13 (full 3):
 PSYoungGen      total 478720K, used 22509K [0x00000000e0000000, 0x00000000ffe00000, 0x0000000100000000)
  eden space 456192K, 0% used [0x00000000e0000000,0x00000000e0000000,0x00000000fbd80000)
  from space 22528K, 99% used [0x00000000fe800000,0x00000000ffdfb480,0x00000000ffe00000)
  to   space 26624K, 0% used [0x00000000fca00000,0x00000000fca00000,0x00000000fe400000)
 ParOldGen       total 121856K, used 36860K [0x00000000a0000000, 0x00000000a7700000, 0x00000000e0000000)
  object space 121856K, 30% used [0x00000000a0000000,0x00000000a23ff0c0,0x00000000a7700000)
 Metaspace       used 72115K, capacity 75422K, committed 75672K, reserved 1114112K
  class space    used 9638K, capacity 10398K, committed 10408K, reserved 1048576K
}

